<?xml version="1.0" encoding="UTF-8"?>
<!-- Generated by org.testng.reporters.JUnitXMLReporter -->
<testsuite hostname="Manak" ignored="0" name="Test" tests="2" failures="1" timestamp="03 Apr 2019 07:45:12 GMT" time="24.24" errors="0">
  <testcase name="alaunch" time="24.169" classname="SampleMavenProject.SampleMavenProject.TestCases"/>
  <testcase name="launch" time="0.0" classname="SampleMavenProject.SampleMavenProject.TestCases">
    <failure type="java.lang.NullPointerException">
      <![CDATA[java.lang.NullPointerException
at SampleMavenProject.SampleMavenProject.Utility_Maven.launchApp(Utility_Maven.java:17)
at SampleMavenProject.SampleMavenProject.TestCases.launch(TestCases.java:25)
... Removed 29 stack frames]]>
    </failure>
  </testcase> <!-- launch -->
</testsuite> <!-- Test -->
