-------------------------------------------------------------------------------
Test set: TestSuite
-------------------------------------------------------------------------------
Tests run: 2, Failures: 1, Errors: 0, Skipped: 0, Time elapsed: 25.446 s <<< FAILURE! - in TestSuite
launch(SampleMavenProject.SampleMavenProject.TestCases)  Time elapsed: 0.024 s  <<< FAILURE!
java.lang.NullPointerException
	at SampleMavenProject.SampleMavenProject.TestCases.launch(TestCases.java:25)

