<?xml version="1.0" encoding="UTF-8"?>
<testsuite xmlns:xsi="http://www.w3.org/2001/XMLSchema-instance" xsi:noNamespaceSchemaLocation="https://maven.apache.org/surefire/maven-surefire-plugin/xsd/surefire-test-report-3.0.xsd" version="3.0" name="TestSuite" time="25.446" tests="2" errors="0" skipped="0" failures="1">
  <properties>
[...]
</properties>
  <testcase name="alaunch" classname="SampleMavenProject.SampleMavenProject.TestCases" time="24.188"/>
  <testcase name="launch" classname="SampleMavenProject.SampleMavenProject.TestCases" time="0.024">
    <failure type="java.lang.NullPointerException">java.lang.NullPointerException
	at SampleMavenProject.SampleMavenProject.TestCases.launch(TestCases.java:25)
</failure>
  </testcase>
</testsuite>